<?xml version="1.0" encoding="UTF-8"?>
<!-- Generated by org.testng.reporters.JUnitReportReporter -->
<testsuite skipped="0" hostname="DESKTOP-RB5JQFG" name="testng.Groups1" tests="3" failures="0" timestamp="23 Jan 2018 12:18:57 GMT" time="0.031" errors="0">
  <testcase name="test2" time="0.000" classname="testng.Groups1"/>
  <testcase name="test3" time="0.016" classname="testng.Groups1"/>
  <testcase name="test1" time="0.015" classname="testng.Groups1"/>
</testsuite> <!-- testng.Groups1 -->
