<?xml version="1.0" encoding="UTF-8"?>
<!-- Generated by org.testng.reporters.JUnitReportReporter -->
<testsuite skipped="0" hostname="DESKTOP-RB5JQFG" name="screen.Test3" tests="1" failures="0" timestamp="19 Jan 2018 10:11:18 GMT" time="16.551" errors="0">
  <testcase name="test1" time="16.551" classname="screen.Test3"/>
</testsuite> <!-- screen.Test3 -->
