<?xml version="1.0" encoding="UTF-8"?>
<!-- Generated by org.testng.reporters.JUnitReportReporter -->
<testsuite skipped="0" hostname="DESKTOP-RB5JQFG" name="qsp.Test1" tests="1" failures="0" timestamp="19 Jan 2018 08:54:26 GMT" time="16.735" errors="0">
  <testcase name="test1" time="16.735" classname="qsp.Test1"/>
</testsuite> <!-- qsp.Test1 -->
