<?xml version="1.0" encoding="UTF-8"?>
<!-- Generated by org.testng.reporters.JUnitReportReporter -->
<testsuite skipped="0" hostname="DESKTOP-RB5JQFG" name="screen.Test2" tests="1" failures="0" timestamp="19 Jan 2018 10:11:18 GMT" time="18.362" errors="0">
  <testcase name="test1" time="18.362" classname="screen.Test2"/>
</testsuite> <!-- screen.Test2 -->
