<?xml version="1.0" encoding="UTF-8"?>
<!-- Generated by org.testng.reporters.JUnitReportReporter -->
<testsuite skipped="0" hostname="DESKTOP-RB5JQFG" name="testng.Parameter11" tests="1" failures="0" timestamp="23 Jan 2018 12:24:42 GMT" time="0.016" errors="0">
  <testcase name="test1" time="0.016" classname="testng.Parameter11"/>
</testsuite> <!-- testng.Parameter11 -->
